2021-04-18 17:50:54,969 getDataFromDB.py_34(ERROR): (pymysql.err.OperationalError) (1049, "Unknown database '*'")
[SQL: select stock from  `*`.`daily11` where ts_code = '002271.SZ' and trade_date between '19901210' and '20210418']
(Background on this error at: http://sqlalche.me/e/13/e3q8)
2021-04-18 17:50:54,970 getDataFromDB.py_35(ERROR): read from db error!
2021-04-18 17:52:42,285 getDataFromDB.py_34(ERROR): (pymysql.err.OperationalError) (1049, "Unknown database '*'")
[SQL: select stock from  `*`.`daily11` where ts_code = '002271.SZ' and trade_date between '19901210' and '20210418']
(Background on this error at: http://sqlalche.me/e/13/e3q8)
2021-04-18 17:52:42,291 getDataFromDB.py_35(ERROR): read from db error!
2021-04-26 10:50:18,976 getDataFromDB.py_44(ERROR): (pymysql.err.OperationalError) (1054, "Unknown column 'trade_date' in 'where clause'")
[SQL: select * from  `stock`.`income` where ts_code = '002271.SZ' and trade_date between '19901210' and '20210426']
(Background on this error at: http://sqlalche.me/e/13/e3q8)
2021-04-26 10:50:18,977 getDataFromDB.py_45(ERROR): read from db error!
2021-04-26 10:51:17,881 getDataFromDB.py_44(ERROR): (pymysql.err.OperationalError) (1054, "Unknown column 'trade_date' in 'where clause'")
[SQL: select * from  `stock`.`income` where ts_code = '002271.SZ' and trade_date between '19901210' and '20210426']
(Background on this error at: http://sqlalche.me/e/13/e3q8)
2021-04-26 10:51:17,882 getDataFromDB.py_45(ERROR): read from db error!
2021-04-26 12:05:56,067 <ipython-input-21-0c2408c56d0b>_19(ERROR): (pymysql.err.ProgrammingError) (1064, "You have an error in your SQL syntax; check the manual that corresponds to your MySQL server version for the right syntax to use near 'SZ and `end_date` = 20080331 and `report_type` = '1'' at line 1")
[SQL: update `stock`.`incomerate` set `revenue_rate` = 30 where `ts_code` = 002271.SZ and `end_date` = 20080331 and `report_type` = '1']
(Background on this error at: http://sqlalche.me/e/13/f405)
2021-04-26 12:05:56,070 <ipython-input-21-0c2408c56d0b>_20(ERROR): write to DB error on sql: update `stock`.`incomerate` set `revenue_rate` = 30 where `ts_code` = 002271.SZ and `end_date` = 20080331 and `report_type` = '1'
2021-04-26 12:06:49,706 <ipython-input-22-7e72a8329ab5>_19(ERROR): This result object does not return rows. It has been closed automatically.
2021-04-26 12:06:49,707 <ipython-input-22-7e72a8329ab5>_20(ERROR): write to DB error on sql: update `stock`.`incomerate` set `revenue_rate` = 30 where `ts_code` = '002271.SZ' and `end_date` = '20080331' and `report_type` = '1'
2021-04-30 18:15:46,578 genStockIncomeRate.py_46(ERROR): 'int' object is not callable
2021-04-30 18:21:58,802 genStockIncomeRate.py_47(ERROR): local variable 'rate' referenced before assignment
2021-05-02 16:53:32,596 genStockIncomeRate.py_103(ERROR): '20041231'
2021-05-11 16:41:08,072 genStockIncomeRate.py_101(ERROR): %d format: a number is required, not NoneType
2021-05-11 16:45:28,153 genStockIncomeRate.py_101(ERROR): %d format: a number is required, not NoneType
2021-05-11 16:52:45,296 genStockIncomeRate.py_69(ERROR): unsupported operand type(s) for -: 'NoneType' and 'int'
2021-05-11 17:00:04,425 genStockIncomeRate.py_75(ERROR): (pymysql.err.OperationalError) (1054, "Unknown column 'nan' in 'field list'")
[SQL: update `stock`.`incomerate` set `fv_value_chg_gain_rate` = nan where `ts_code` = '600176.SH' and `end_date` = '20020331' and `report_type` = '1']
(Background on this error at: http://sqlalche.me/e/13/e3q8)
2021-05-11 17:00:04,426 genStockIncomeRate.py_76(ERROR): write to DB for generateQuarterRateOnData error on sql: update `stock`.`incomerate` set `fv_value_chg_gain_rate` = nan where `ts_code` = '600176.SH' and `end_date` = '20020331' and `report_type` = '1'
2021-05-11 17:00:04,426 genStockIncomeRate.py_114(ERROR): (pymysql.err.OperationalError) (1054, "Unknown column 'nan' in 'field list'")
[SQL: update `stock`.`incomerate` set `fv_value_chg_gain_yrate` = nan where `ts_code` = '600176.SH' and `end_date` = '19971231' and `report_type` = '1']
(Background on this error at: http://sqlalche.me/e/13/e3q8)
2021-05-11 17:00:04,427 genStockIncomeRate.py_115(ERROR): write to DB for generateQuarterYRateOnData error on sql: update `stock`.`incomerate` set `fv_value_chg_gain_yrate` = nan where `ts_code` = '600176.SH' and `end_date` = '19971231' and `report_type` = '1'
2021-05-11 17:02:08,574 genStockIncomeRate.py_75(ERROR): (pymysql.err.OperationalError) (1054, "Unknown column 'nan' in 'field list'")
[SQL: update `stock`.`incomerate` set `fv_value_chg_gain_rate` = nan where `ts_code` = '600176.SH' and `end_date` = '20020331' and `report_type` = '1']
(Background on this error at: http://sqlalche.me/e/13/e3q8)
2021-05-11 17:02:08,575 genStockIncomeRate.py_76(ERROR): write to DB for generateQuarterRateOnData error on sql: update `stock`.`incomerate` set `fv_value_chg_gain_rate` = nan where `ts_code` = '600176.SH' and `end_date` = '20020331' and `report_type` = '1'
2021-05-11 17:06:36,671 genStockIncomeRate.py_75(ERROR): (pymysql.err.OperationalError) (1054, "Unknown column 'nan' in 'field list'")
[SQL: update `stock`.`incomerate` set `fv_value_chg_gain_rate` = nan where `ts_code` = '600176.SH' and `end_date` = '20020331' and `report_type` = '1']
(Background on this error at: http://sqlalche.me/e/13/e3q8)
2021-05-11 17:06:36,672 genStockIncomeRate.py_76(ERROR): write to DB for generateQuarterRateOnData error on sql: update `stock`.`incomerate` set `fv_value_chg_gain_rate` = nan where `ts_code` = '600176.SH' and `end_date` = '20020331' and `report_type` = '1'
2021-05-11 17:11:52,983 genStockIncomeRate.py_76(ERROR): float division by zero
2021-05-11 17:11:52,984 genStockIncomeRate.py_77(ERROR): write to DB for generateQuarterRateOnData error on sql: update `stock`.`incomerate` set `fv_value_chg_gain_rate` = -100.000000 where `ts_code` = '600176.SH' and `end_date` = '20090930' and `report_type` = '1'
2021-05-11 17:11:58,643 genStockIncomeRate.py_76(ERROR): float division by zero
2021-05-11 17:11:58,644 genStockIncomeRate.py_77(ERROR): write to DB for generateQuarterRateOnData error on sql: update `stock`.`incomerate` set `fv_value_chg_gain_rate` = -100.000000 where `ts_code` = '600176.SH' and `end_date` = '20090930' and `report_type` = '1'
2021-06-07 12:24:22,592 genStockIncomeQuarter.py_55(ERROR): can only concatenate str (not "float") to str
2021-06-07 12:24:33,038 genStockIncomeQuarter.py_55(ERROR): can only concatenate str (not "float") to str
2021-06-10 12:08:31,321 genStockIncomeQuarter.py_57(ERROR): (pymysql.err.OperationalError) (1054, "Unknown column 'revenue_qtr' in 'field list'")
[SQL: update `stock`.`income` set `revenue_qtr` = 0.000000 where `ts_code` = '600176.SH' and `end_date` = '19961231' and `report_type` = '1']
(Background on this error at: http://sqlalche.me/e/13/e3q8)
2021-06-10 12:08:31,322 genStockIncomeQuarter.py_58(ERROR): write to DB for generateQuarterRateOnData error on sql: update `stock`.`income` set `revenue_qtr` = 0.000000 where `ts_code` = '600176.SH' and `end_date` = '19961231' and `report_type` = '1'
2021-06-21 17:29:41,476 getEastMoneyIncome.py_71(INFO): running on code: SH600176
2021-06-21 17:29:41,477 getEastMoneyIncome.py_77(ERROR): unsupported format character 'C' (0x43) at index 119
2021-06-21 17:29:41,477 getEastMoneyIncome.py_78(ERROR): crawl income error on code: SH600176
2021-06-21 17:30:46,366 getEastMoneyIncome.py_71(INFO): running on code: SH600176
2021-06-21 17:30:46,714 getEastMoneyIncome.py_44(INFO): get income of code: SH600176 in size: 19049
2021-06-21 17:32:03,009 getEastMoneyIncome.py_71(INFO): running on code: SH600176
2021-06-21 17:34:13,494 getEastMoneyIncome.py_71(INFO): running on code: SH600176
2021-06-21 17:34:14,318 getEastMoneyIncome.py_44(INFO): get income of code: SH600176 in size: 19049
2021-06-21 17:34:25,081 getEastMoneyIncome.py_71(INFO): running on code: SH600176
2021-06-21 17:34:25,322 getEastMoneyIncome.py_44(INFO): get income of code: SH600176 in size: 19049
2021-06-21 17:41:38,459 getEastMoneyIncome.py_82(INFO): running on code: SH600176
2021-06-21 17:41:39,212 getEastMoneyIncome.py_55(INFO): get income of code: SH600176 in size: 49684
2021-06-21 17:41:39,803 getEastMoneyIncome.py_55(INFO): get income of code: SH600176 in size: 49486
2021-06-21 17:41:40,149 getEastMoneyIncome.py_55(INFO): get income of code: SH600176 in size: 49596
2021-06-21 17:41:40,568 getEastMoneyIncome.py_55(INFO): get income of code: SH600176 in size: 49806
2021-06-21 17:41:40,986 getEastMoneyIncome.py_55(INFO): get income of code: SH600176 in size: 49652
2021-06-21 17:41:41,263 getEastMoneyIncome.py_55(INFO): get income of code: SH600176 in size: 49621
2021-06-21 17:41:41,613 getEastMoneyIncome.py_55(INFO): get income of code: SH600176 in size: 49504
2021-06-21 17:41:42,053 getEastMoneyIncome.py_55(INFO): get income of code: SH600176 in size: 49470
2021-06-21 17:41:42,387 getEastMoneyIncome.py_55(INFO): get income of code: SH600176 in size: 49403
2021-06-21 17:41:42,730 getEastMoneyIncome.py_55(INFO): get income of code: SH600176 in size: 49335
2021-06-21 17:41:43,018 getEastMoneyIncome.py_55(INFO): get income of code: SH600176 in size: 49466
2021-06-21 17:41:43,401 getEastMoneyIncome.py_55(INFO): get income of code: SH600176 in size: 49122
2021-06-21 17:41:43,734 getEastMoneyIncome.py_55(INFO): get income of code: SH600176 in size: 49002
2021-06-21 17:41:44,085 getEastMoneyIncome.py_55(INFO): get income of code: SH600176 in size: 48954
2021-06-21 17:41:44,455 getEastMoneyIncome.py_55(INFO): get income of code: SH600176 in size: 48496
2021-06-21 17:41:44,818 getEastMoneyIncome.py_55(INFO): get income of code: SH600176 in size: 48568
2021-06-21 17:41:45,057 getEastMoneyIncome.py_55(INFO): get income of code: SH600176 in size: 38542
2021-06-21 17:41:45,219 getEastMoneyIncome.py_55(INFO): get income of code: SH600176 in size: 19049
2021-06-21 17:44:45,229 getEastMoneyIncome.py_85(INFO): running on code: SH600176
2021-06-21 17:44:45,565 getEastMoneyIncome.py_91(ERROR): 'dict' object has no attribute 'data'
2021-06-21 17:44:45,566 getEastMoneyIncome.py_92(ERROR): crawl income error on code: SH600176
2021-06-21 17:44:59,139 getEastMoneyIncome.py_85(INFO): running on code: SH600176
2021-06-21 17:45:52,773 getEastMoneyIncome.py_85(INFO): running on code: SH600176
2021-06-21 17:45:53,113 getEastMoneyIncome.py_91(ERROR): 'dict' object has no attribute 'data'
2021-06-21 17:45:53,113 getEastMoneyIncome.py_92(ERROR): crawl income error on code: SH600176
2021-06-21 17:46:38,543 getEastMoneyIncome.py_85(INFO): running on code: SH600176
2021-06-21 17:46:38,726 getEastMoneyIncome.py_91(ERROR): 'dict' object has no attribute 'data'
2021-06-21 17:46:38,726 getEastMoneyIncome.py_92(ERROR): crawl income error on code: SH600176
2021-06-21 17:47:01,458 getEastMoneyIncome.py_85(INFO): running on code: SH600176
2021-06-21 17:47:39,206 getEastMoneyIncome.py_85(INFO): running on code: SH600176
2021-06-21 17:47:39,557 getEastMoneyIncome.py_91(ERROR): 'dict' object has no attribute 'data'
2021-06-21 17:47:39,559 getEastMoneyIncome.py_92(ERROR): crawl income error on code: SH600176
2021-06-21 17:48:33,559 getEastMoneyIncome.py_85(INFO): running on code: SH600176
2021-06-21 17:48:33,806 getEastMoneyIncome.py_55(INFO): get income of code: SH600176 in size: 5
2021-06-21 17:48:34,025 getEastMoneyIncome.py_55(INFO): get income of code: SH600176 in size: 5
2021-06-21 17:48:34,256 getEastMoneyIncome.py_55(INFO): get income of code: SH600176 in size: 5
2021-06-21 17:48:34,535 getEastMoneyIncome.py_55(INFO): get income of code: SH600176 in size: 5
2021-06-21 17:48:34,740 getEastMoneyIncome.py_55(INFO): get income of code: SH600176 in size: 5
2021-06-21 17:48:34,918 getEastMoneyIncome.py_55(INFO): get income of code: SH600176 in size: 5
2021-06-21 17:48:35,136 getEastMoneyIncome.py_55(INFO): get income of code: SH600176 in size: 5
2021-06-21 17:48:35,375 getEastMoneyIncome.py_55(INFO): get income of code: SH600176 in size: 5
2021-06-21 17:48:35,600 getEastMoneyIncome.py_55(INFO): get income of code: SH600176 in size: 5
2021-06-21 17:48:35,829 getEastMoneyIncome.py_55(INFO): get income of code: SH600176 in size: 5
2021-06-21 17:48:36,076 getEastMoneyIncome.py_55(INFO): get income of code: SH600176 in size: 5
2021-06-21 17:48:36,267 getEastMoneyIncome.py_55(INFO): get income of code: SH600176 in size: 5
2021-06-21 17:48:36,449 getEastMoneyIncome.py_55(INFO): get income of code: SH600176 in size: 5
2021-06-21 17:48:36,685 getEastMoneyIncome.py_55(INFO): get income of code: SH600176 in size: 5
2021-06-21 17:48:36,970 getEastMoneyIncome.py_55(INFO): get income of code: SH600176 in size: 5
2021-06-21 17:48:37,200 getEastMoneyIncome.py_55(INFO): get income of code: SH600176 in size: 5
2021-06-21 17:48:37,409 getEastMoneyIncome.py_55(INFO): get income of code: SH600176 in size: 4
2021-06-21 17:48:37,599 getEastMoneyIncome.py_55(INFO): get income of code: SH600176 in size: 2
2021-06-21 17:49:36,526 getEastMoneyIncome.py_86(INFO): running on code: SH600176
2021-06-21 17:49:36,688 getEastMoneyIncome.py_55(INFO): get income of code: SH600176 in size: 5
2021-06-21 17:49:37,371 getEastMoneyIncome.py_55(INFO): get income of code: SH600176 in size: 5
2021-06-21 17:49:38,041 getEastMoneyIncome.py_55(INFO): get income of code: SH600176 in size: 5
2021-06-21 17:49:38,733 getEastMoneyIncome.py_55(INFO): get income of code: SH600176 in size: 5
2021-06-21 17:49:39,390 getEastMoneyIncome.py_55(INFO): get income of code: SH600176 in size: 5
2021-06-21 17:49:40,017 getEastMoneyIncome.py_55(INFO): get income of code: SH600176 in size: 5
2021-06-21 17:49:40,651 getEastMoneyIncome.py_55(INFO): get income of code: SH600176 in size: 5
2021-06-21 17:49:41,310 getEastMoneyIncome.py_55(INFO): get income of code: SH600176 in size: 5
2021-06-21 17:49:41,975 getEastMoneyIncome.py_55(INFO): get income of code: SH600176 in size: 5
2021-06-21 17:49:42,638 getEastMoneyIncome.py_55(INFO): get income of code: SH600176 in size: 5
2021-06-21 17:49:43,347 getEastMoneyIncome.py_55(INFO): get income of code: SH600176 in size: 5
2021-06-21 17:49:44,024 getEastMoneyIncome.py_55(INFO): get income of code: SH600176 in size: 5
2021-06-21 17:49:44,682 getEastMoneyIncome.py_55(INFO): get income of code: SH600176 in size: 5
2021-06-21 17:49:45,361 getEastMoneyIncome.py_55(INFO): get income of code: SH600176 in size: 5
2021-06-21 17:49:46,021 getEastMoneyIncome.py_55(INFO): get income of code: SH600176 in size: 5
2021-06-21 17:49:46,685 getEastMoneyIncome.py_55(INFO): get income of code: SH600176 in size: 5
2021-06-21 17:49:47,391 getEastMoneyIncome.py_55(INFO): get income of code: SH600176 in size: 4
2021-06-21 17:53:52,203 getEastMoneyIncome.py_87(INFO): running on code: SH600176
2021-06-21 17:53:52,486 getEastMoneyIncome.py_56(INFO): get income of code: SH600176 in size: 5
2021-06-21 17:53:53,220 getEastMoneyIncome.py_56(INFO): get income of code: SH600176 in size: 5
2021-06-21 17:53:53,966 getEastMoneyIncome.py_56(INFO): get income of code: SH600176 in size: 5
2021-06-21 17:53:54,623 getEastMoneyIncome.py_56(INFO): get income of code: SH600176 in size: 5
2021-06-21 17:53:55,278 getEastMoneyIncome.py_56(INFO): get income of code: SH600176 in size: 5
2021-06-21 17:53:56,046 getEastMoneyIncome.py_56(INFO): get income of code: SH600176 in size: 5
2021-06-21 17:53:56,760 getEastMoneyIncome.py_56(INFO): get income of code: SH600176 in size: 5
2021-06-21 17:53:57,453 getEastMoneyIncome.py_56(INFO): get income of code: SH600176 in size: 5
2021-06-21 17:53:58,103 getEastMoneyIncome.py_56(INFO): get income of code: SH600176 in size: 5
2021-06-21 17:53:58,794 getEastMoneyIncome.py_56(INFO): get income of code: SH600176 in size: 5
2021-06-21 17:53:59,497 getEastMoneyIncome.py_56(INFO): get income of code: SH600176 in size: 5
2021-06-21 17:54:00,256 getEastMoneyIncome.py_56(INFO): get income of code: SH600176 in size: 5
2021-06-21 17:54:01,032 getEastMoneyIncome.py_56(INFO): get income of code: SH600176 in size: 5
2021-06-21 17:54:01,949 getEastMoneyIncome.py_56(INFO): get income of code: SH600176 in size: 5
2021-06-21 17:54:02,700 getEastMoneyIncome.py_56(INFO): get income of code: SH600176 in size: 5
2021-06-21 17:54:03,458 getEastMoneyIncome.py_56(INFO): get income of code: SH600176 in size: 5
2021-06-21 17:54:04,153 getEastMoneyIncome.py_56(INFO): get income of code: SH600176 in size: 4
2021-06-21 17:54:04,816 getEastMoneyIncome.py_56(INFO): get income of code: SH600176 in size: 2
2021-06-21 17:55:20,418 getEastMoneyIncome.py_88(INFO): running on code: SH600176
2021-06-21 17:55:21,703 getEastMoneyIncome.py_56(INFO): get income of code: SH600176 in size: 5
2021-06-21 17:55:22,413 getEastMoneyIncome.py_56(INFO): get income of code: SH600176 in size: 5
2021-06-21 17:55:23,112 getEastMoneyIncome.py_56(INFO): get income of code: SH600176 in size: 5
2021-06-21 17:55:24,263 getEastMoneyIncome.py_56(INFO): get income of code: SH600176 in size: 5
2021-06-21 17:55:24,992 getEastMoneyIncome.py_56(INFO): get income of code: SH600176 in size: 5
2021-06-21 17:55:25,804 getEastMoneyIncome.py_56(INFO): get income of code: SH600176 in size: 5
2021-06-21 17:55:26,463 getEastMoneyIncome.py_56(INFO): get income of code: SH600176 in size: 5
2021-06-21 17:55:27,312 getEastMoneyIncome.py_56(INFO): get income of code: SH600176 in size: 5
2021-06-21 17:55:27,976 getEastMoneyIncome.py_56(INFO): get income of code: SH600176 in size: 5
2021-06-21 17:55:28,664 getEastMoneyIncome.py_56(INFO): get income of code: SH600176 in size: 5
2021-06-21 17:55:29,332 getEastMoneyIncome.py_56(INFO): get income of code: SH600176 in size: 5
2021-06-21 17:55:30,013 getEastMoneyIncome.py_56(INFO): get income of code: SH600176 in size: 5
2021-06-21 17:55:31,282 getEastMoneyIncome.py_56(INFO): get income of code: SH600176 in size: 5
2021-06-21 17:55:31,976 getEastMoneyIncome.py_56(INFO): get income of code: SH600176 in size: 5
2021-06-21 17:55:32,742 getEastMoneyIncome.py_56(INFO): get income of code: SH600176 in size: 5
2021-06-21 17:55:33,430 getEastMoneyIncome.py_56(INFO): get income of code: SH600176 in size: 5
2021-06-21 17:55:34,144 getEastMoneyIncome.py_56(INFO): get income of code: SH600176 in size: 4
2021-06-21 17:55:34,761 getEastMoneyIncome.py_56(INFO): get income of code: SH600176 in size: 2
2021-06-21 18:01:25,735 getEastMoneyIncome.py_86(INFO): running on code: SH600176
2021-06-21 18:01:25,918 getEastMoneyIncome.py_55(INFO): get income of code: SH600176 in size: 5
2021-06-21 18:01:26,723 getEastMoneyIncome.py_55(INFO): get income of code: SH600176 in size: 5
2021-06-21 18:06:05,771 getEastMoneyBalance.py_82(INFO): running on code: 000001.SZ
2021-06-21 18:06:05,921 getEastMoneyBalance.py_88(ERROR): 'data'
2021-06-21 18:06:05,921 getEastMoneyBalance.py_89(ERROR): crawl income error on code: 000001.SZ
2021-06-21 18:11:15,027 getEastMoneyBalance.py_82(INFO): running on code: SZ000001
2021-06-21 18:11:15,178 getEastMoneyBalance.py_88(ERROR): 'data'
2021-06-21 18:11:15,178 getEastMoneyBalance.py_89(ERROR): crawl income error on code: SZ000001
2021-06-21 18:11:18,195 getEastMoneyBalance.py_82(INFO): running on code: SZ000002
2021-06-21 18:11:18,400 getEastMoneyBalance.py_55(INFO): get income of code: SZ000002 in size: 5
2021-06-21 18:11:19,238 getEastMoneyBalance.py_55(INFO): get income of code: SZ000002 in size: 5
2021-06-21 18:11:20,018 getEastMoneyBalance.py_55(INFO): get income of code: SZ000002 in size: 5
2021-06-21 18:11:20,884 getEastMoneyBalance.py_55(INFO): get income of code: SZ000002 in size: 5
2021-06-21 18:11:21,637 getEastMoneyBalance.py_55(INFO): get income of code: SZ000002 in size: 5
2021-06-21 18:11:22,456 getEastMoneyBalance.py_55(INFO): get income of code: SZ000002 in size: 5
2021-06-21 18:11:48,959 getEastMoneyBalance.py_82(INFO): running on code: SZ000001
2021-06-22 10:45:00,886 getEastMoneyBalance.py_84(INFO): running on code:  SZ000001
2021-06-22 10:47:46,607 getEastMoneyBalance.py_85(INFO): running on code:  SZ000001
2021-06-22 10:50:04,169 getEastMoneyBalance.py_85(INFO): running on code:  SZ000001
2021-06-22 10:50:11,576 getEastMoneyBalance.py_85(INFO): running on code:  SZ000100
2021-06-22 11:00:26,527 getEastMoneyBalance.py_86(INFO): running on code:  SZ000001
2021-06-22 11:00:57,899 getEastMoneyBalance.py_53(INFO): no more data on  SZ000001 at dates: 2021-03-31%2C2020-12-31%2C2020-09-30%2C2020-06-30%2C2020-03-31
2021-06-22 11:01:02,283 getEastMoneyBalance.py_86(INFO): running on code:  SZ000100
2021-06-22 11:02:34,607 getEastMoneyBalance.py_86(INFO): running on code: SZ000001
2021-06-22 11:02:37,399 getEastMoneyBalance.py_53(INFO): no more data on SZ000001 at dates: 2021-03-31%2C2020-12-31%2C2020-09-30%2C2020-06-30%2C2020-03-31
2021-06-22 11:02:38,412 getEastMoneyBalance.py_86(INFO): running on code: SZ000100
2021-06-22 11:02:52,351 getEastMoneyBalance.py_58(INFO): get income of code: SZ000100 in size: 5
2021-06-29 23:06:32,546 parseEastMoneyIncome.py_52(INFO): running on code: SZ0000002
2021-06-29 23:06:32,547 parseEastMoneyIncome.py_30(ERROR): [Errno 2] No such file or directory: 'SZ0000002'
2021-06-29 23:07:23,448 parseEastMoneyIncome.py_52(INFO): running on code: SZ0000002
2021-06-29 23:07:23,448 parseEastMoneyIncome.py_30(ERROR): [Errno 2] No such file or directory: 'SZ0000002'
2021-06-29 23:07:44,894 parseEastMoneyIncome.py_52(INFO): running on code: SZ000002
2021-06-29 23:07:44,895 parseEastMoneyIncome.py_30(ERROR): [Errno 2] No such file or directory: 'SZ000002'
2021-06-29 23:08:59,987 parseEastMoneyIncome.py_52(INFO): running on code: SZ000002
2021-06-29 23:11:43,237 parseEastMoneyIncome.py_57(INFO): running on code: SZ000002
2021-06-29 23:15:00,303 parseEastMoneyIncome.py_62(INFO): running on code: SZ000002
2021-06-29 23:15:17,263 parseEastMoneyIncome.py_62(INFO): running on code: SZ000002
2021-06-29 23:16:58,524 parseEastMoneyIncome.py_68(INFO): running on code: SZ000002
2021-06-29 23:17:47,679 parseEastMoneyIncome.py_68(INFO): running on code: SZ000002
2021-06-29 23:17:54,992 parseEastMoneyIncome.py_68(INFO): running on code: SZ000002
2021-06-29 23:18:22,662 parseEastMoneyIncome.py_68(INFO): running on code: SZ000002
2021-06-29 23:18:38,781 parseEastMoneyIncome.py_68(INFO): running on code: SZ000002
2021-06-29 23:18:45,097 parseEastMoneyIncome.py_68(INFO): running on code: SZ000002
2021-06-29 23:30:30,316 parseEastMoneyIncome.py_81(INFO): running on code: SZ000002
2021-06-29 23:31:21,529 parseEastMoneyIncome.py_80(INFO): running on code: SZ000002
2021-06-29 23:31:21,576 parseEastMoneyIncome.py_90(ERROR): (pymysql.err.OperationalError) (1054, "Unknown column 'CURRENCY' in 'field list'")
[SQL: insert into eastmoney.income(SECUCODE,SECURITY_NAME_ABBR,REPORT_DATE,REPORT_TYPE,UPDATE_DATE,CURRENCY) values('SZ000002','万科A','2021-03-31','一季报','2021-04-23','CNY')]
(Background on this error at: http://sqlalche.me/e/13/e3q8)
2021-06-29 23:31:21,580 parseEastMoneyIncome.py_91(ERROR): parse income error on code: SZ000002
2021-06-29 23:32:06,689 parseEastMoneyIncome.py_80(INFO): running on code: SZ000002
2021-06-29 23:32:06,714 parseEastMoneyIncome.py_90(ERROR): This result object does not return rows. It has been closed automatically.
2021-06-29 23:32:06,714 parseEastMoneyIncome.py_91(ERROR): parse income error on code: SZ000002
2021-06-29 23:32:50,599 parseEastMoneyIncome.py_81(INFO): running on code: SZ000002
2021-06-29 23:32:50,628 parseEastMoneyIncome.py_91(ERROR): (pymysql.err.IntegrityError) (1062, "Duplicate entry 'SZ000002-2021-03-31' for key 'income.idx_income_SECUCODE_REPORT_DATE'")
[SQL: insert into eastmoney.income(SECUCODE,SECURITY_NAME_ABBR,REPORT_DATE,REPORT_TYPE,UPDATE_DATE,CURRENCY) values('SZ000002','万科A','2021-03-31','一季报','2021-04-23','CNY')]
(Background on this error at: http://sqlalche.me/e/13/gkpj)
2021-06-29 23:32:50,629 parseEastMoneyIncome.py_92(ERROR): parse income error on code: SZ000002
2021-06-29 23:33:22,619 parseEastMoneyIncome.py_81(INFO): running on code: SZ000002
2021-06-29 23:33:22,653 parseEastMoneyIncome.py_91(ERROR): This result object does not return rows. It has been closed automatically.
2021-06-29 23:33:22,653 parseEastMoneyIncome.py_92(ERROR): parse income error on code: SZ000002
2021-06-29 23:34:57,026 parseEastMoneyIncome.py_81(INFO): running on code: SZ000002
2021-06-29 23:34:57,033 parseEastMoneyIncome.py_91(ERROR): module 'pandas' has no attribute 'execute'
2021-06-29 23:34:57,034 parseEastMoneyIncome.py_92(ERROR): parse income error on code: SZ000002
2021-06-29 23:35:43,149 parseEastMoneyIncome.py_81(INFO): running on code: SZ000002
2021-06-29 23:48:43,043 parseEastMoneyIncome.py_87(INFO): running on code: SZ000002
2021-06-29 23:48:43,051 parseEastMoneyIncome.py_105(ERROR): 'Engine' object has no attribute 'read_sql_query'
2021-06-29 23:48:43,051 parseEastMoneyIncome.py_106(ERROR): parse income error on code: SZ000002
2021-06-29 23:51:05,455 parseEastMoneyIncome.py_87(INFO): running on code: SZ000002
2021-06-29 23:51:22,798 parseEastMoneyIncome.py_87(INFO): running on code: SZ000002
2021-06-29 23:54:10,641 parseEastMoneyIncome.py_88(INFO): running on code: SZ000002
2021-06-29 23:54:27,637 parseEastMoneyIncome.py_88(INFO): running on code: SZ000002
2021-06-29 23:54:27,660 parseEastMoneyIncome.py_106(ERROR): 'ResultProxy' object has no attribute 'fetch'
2021-06-29 23:54:27,660 parseEastMoneyIncome.py_107(ERROR): parse income error on code: SZ000002
2021-06-29 23:54:40,052 parseEastMoneyIncome.py_88(INFO): running on code: SZ000002
2021-06-29 23:54:56,953 parseEastMoneyIncome.py_88(INFO): running on code: SZ000002
2021-06-30 00:01:35,868 parseEastMoneyIncome.py_92(INFO): running on code: SZ000002
2021-06-30 00:01:48,014 parseEastMoneyIncome.py_92(INFO): running on code: SZ000002
2021-06-30 00:12:13,360 parseEastMoneyIncome.py_105(INFO): running on code: SZ000002
2021-06-30 00:12:58,761 parseEastMoneyIncome.py_105(INFO): running on code: SZ000002
2021-06-30 00:15:35,454 parseEastMoneyIncome.py_105(INFO): running on code: SZ000002
2021-06-30 00:16:34,050 parseEastMoneyIncome.py_105(INFO): running on code: SZ000002
2021-06-30 00:17:23,276 parseEastMoneyIncome.py_105(INFO): running on code: SZ000002
2021-06-30 00:19:48,589 parseEastMoneyIncome.py_105(INFO): running on code: SZ000002
2021-06-30 00:19:48,617 parseEastMoneyIncome.py_121(ERROR): (pymysql.err.ProgrammingError) (1064, "You have an error in your SQL syntax; check the manual that corresponds to your MySQL server version for the right syntax to use near 'alert table eastmoney.income set `TOTAL_OPERATE_INCOME` = 62264095939' at line 1")
[SQL: alert table eastmoney.income set `TOTAL_OPERATE_INCOME` = 62264095939]
(Background on this error at: http://sqlalche.me/e/13/f405)
2021-06-30 00:19:48,617 parseEastMoneyIncome.py_122(ERROR): parse income error on code: SZ000002
2021-06-30 00:23:09,575 parseEastMoneyIncome.py_107(INFO): running on code: SZ000002
2021-06-30 00:23:09,612 parseEastMoneyIncome.py_123(ERROR): (pymysql.err.ProgrammingError) (1064, "You have an error in your SQL syntax; check the manual that corresponds to your MySQL server version for the right syntax to use near 'alert table eastmoney.income set `TOTAL_OPERATE_INCOME` = 62264095939 where SECU' at line 1")
[SQL: alert table eastmoney.income set `TOTAL_OPERATE_INCOME` = 62264095939 where SECUCODE='SZ000002' and REPORT_DATE='2021-03-31']
(Background on this error at: http://sqlalche.me/e/13/f405)
2021-06-30 00:23:09,613 parseEastMoneyIncome.py_124(ERROR): parse income error on code: SZ000002
2021-06-30 00:24:29,055 parseEastMoneyIncome.py_107(INFO): running on code: SZ000002
2021-06-30 00:24:29,088 parseEastMoneyIncome.py_123(ERROR): (pymysql.err.ProgrammingError) (1064, "You have an error in your SQL syntax; check the manual that corresponds to your MySQL server version for the right syntax to use near 'set `TOTAL_OPERATE_INCOME` = 62264095939 where SECUCODE='SZ000002' and REPORT_DA' at line 1")
[SQL: alter table eastmoney.income set `TOTAL_OPERATE_INCOME` = 62264095939 where SECUCODE='SZ000002' and REPORT_DATE='2021-03-31']
(Background on this error at: http://sqlalche.me/e/13/f405)
2021-06-30 00:24:29,088 parseEastMoneyIncome.py_124(ERROR): parse income error on code: SZ000002
2021-06-30 00:26:29,251 parseEastMoneyIncome.py_107(INFO): running on code: SZ000002
2021-06-30 00:26:29,275 parseEastMoneyIncome.py_123(ERROR): (pymysql.err.ProgrammingError) (1064, "You have an error in your SQL syntax; check the manual that corresponds to your MySQL server version for the right syntax to use near 'table eastmoney.income set `TOTAL_OPERATE_INCOME` = 62264095939 where SECUCODE='' at line 1")
[SQL: update table eastmoney.income set `TOTAL_OPERATE_INCOME` = 62264095939 where SECUCODE='SZ000002' and REPORT_DATE='2021-03-31']
(Background on this error at: http://sqlalche.me/e/13/f405)
2021-06-30 00:26:29,275 parseEastMoneyIncome.py_124(ERROR): parse income error on code: SZ000002
2021-06-30 00:26:49,531 parseEastMoneyIncome.py_107(INFO): running on code: SZ000002
2021-06-30 00:28:12,913 parseEastMoneyIncome.py_108(INFO): running on code: SZ000002
2021-06-30 00:30:08,539 parseEastMoneyIncome.py_108(INFO): running on code: SZ000002
2021-06-30 00:33:39,250 parseEastMoneyIncome.py_108(INFO): running on code: SZ000002
2021-06-30 00:35:07,496 parseEastMoneyIncome.py_108(INFO): running on code: SZ000002
2021-06-30 00:37:36,186 parseEastMoneyIncome.py_108(INFO): running on code: SZ000002
2021-06-30 00:39:35,647 parseEastMoneyIncome.py_108(INFO): running on code: SZ000002
2021-06-30 00:42:07,663 parseEastMoneyIncome.py_108(INFO): running on code: SZ000002
2021-06-30 00:45:42,341 parseEastMoneyIncome.py_108(INFO): running on code: SZ000002
2021-06-30 00:49:53,801 parseEastMoneyIncome.py_108(INFO): running on code: SZ000002
2021-06-30 00:54:53,918 parseEastMoneyIncome.py_108(INFO): running on code: SZ000002
2021-06-30 00:56:30,512 parseEastMoneyIncome.py_108(INFO): running on code: SZ000002
2021-06-30 00:56:57,805 parseEastMoneyIncome.py_108(INFO): running on code: SZ000002
2021-06-30 01:02:35,389 parseEastMoneyIncome.py_108(INFO): running on code: SZ000002
2021-06-30 10:35:05,023 parseEastMoneyIncome.py_137(INFO): running on code: SZ000002
2021-06-30 10:35:05,598 parseEastMoneyIncome.py_137(INFO): running on code: SZ000004
2021-06-30 10:35:06,449 parseEastMoneyIncome.py_137(INFO): running on code: SZ000005
2021-06-30 10:35:07,036 parseEastMoneyIncome.py_137(INFO): running on code: SZ000006
2021-06-30 10:35:07,410 parseEastMoneyIncome.py_137(INFO): running on code: SZ000007
2021-06-30 10:35:07,722 parseEastMoneyIncome.py_137(INFO): running on code: SZ000008
2021-06-30 10:35:08,079 parseEastMoneyIncome.py_137(INFO): running on code: SZ000009
2021-06-30 10:35:08,471 parseEastMoneyIncome.py_137(INFO): running on code: SZ000010
2021-06-30 10:35:08,771 parseEastMoneyIncome.py_137(INFO): running on code: SZ000011
2021-06-30 10:35:09,071 parseEastMoneyIncome.py_137(INFO): running on code: SZ000012
2021-06-30 10:35:09,418 parseEastMoneyIncome.py_137(INFO): running on code: SZ000014
2021-06-30 10:35:09,720 parseEastMoneyIncome.py_137(INFO): running on code: SZ000016
2021-06-30 10:35:10,063 parseEastMoneyIncome.py_137(INFO): running on code: SZ000017
2021-06-30 10:35:10,333 parseEastMoneyIncome.py_137(INFO): running on code: SZ000019
2021-06-30 10:35:10,648 parseEastMoneyIncome.py_137(INFO): running on code: SZ000020
2021-06-30 10:35:10,896 parseEastMoneyIncome.py_137(INFO): running on code: SZ000021
2021-06-30 10:35:11,257 parseEastMoneyIncome.py_137(INFO): running on code: SZ000023
2021-06-30 10:35:11,540 parseEastMoneyIncome.py_137(INFO): running on code: SZ000025
2021-06-30 10:35:11,841 parseEastMoneyIncome.py_137(INFO): running on code: SZ000026
2021-06-30 10:35:12,173 parseEastMoneyIncome.py_137(INFO): running on code: SZ000027
2021-06-30 10:35:12,521 parseEastMoneyIncome.py_137(INFO): running on code: SZ000028
2021-06-30 10:35:12,851 parseEastMoneyIncome.py_137(INFO): running on code: SZ000029
2021-06-30 10:35:13,152 parseEastMoneyIncome.py_137(INFO): running on code: SZ000030
2021-06-30 10:35:13,446 parseEastMoneyIncome.py_137(INFO): running on code: SZ000031
2021-06-30 10:35:13,793 parseEastMoneyIncome.py_137(INFO): running on code: SZ000032
2021-06-30 10:35:14,137 parseEastMoneyIncome.py_137(INFO): running on code: SZ000034
2021-06-30 10:35:14,452 parseEastMoneyIncome.py_137(INFO): running on code: SZ000035
2021-06-30 10:35:14,739 parseEastMoneyIncome.py_137(INFO): running on code: SZ000036
2021-06-30 10:35:15,056 parseEastMoneyIncome.py_137(INFO): running on code: SZ000037
2021-06-30 10:35:15,373 parseEastMoneyIncome.py_137(INFO): running on code: SZ000038
2021-06-30 10:35:15,640 parseEastMoneyIncome.py_137(INFO): running on code: SZ000039
2021-06-30 10:35:15,972 parseEastMoneyIncome.py_137(INFO): running on code: SZ000040
2021-06-30 10:35:16,290 parseEastMoneyIncome.py_137(INFO): running on code: SZ000042
2021-06-30 10:35:16,603 parseEastMoneyIncome.py_137(INFO): running on code: SZ000045
2021-06-30 10:35:16,915 parseEastMoneyIncome.py_137(INFO): running on code: SZ000046
2021-06-30 10:35:17,226 parseEastMoneyIncome.py_137(INFO): running on code: SZ000048
2021-06-30 10:35:17,538 parseEastMoneyIncome.py_137(INFO): running on code: SZ000049
2021-06-30 10:35:17,850 parseEastMoneyIncome.py_137(INFO): running on code: SZ000050
2021-06-30 10:35:18,149 parseEastMoneyIncome.py_137(INFO): running on code: SZ000055
2021-06-30 10:35:18,432 parseEastMoneyIncome.py_137(INFO): running on code: SZ000056
2021-06-30 10:35:18,730 parseEastMoneyIncome.py_137(INFO): running on code: SZ000058
2021-06-30 10:35:19,061 parseEastMoneyIncome.py_137(INFO): running on code: SZ000059
2021-06-30 10:35:19,379 parseEastMoneyIncome.py_137(INFO): running on code: SZ000060
2021-06-30 10:35:19,753 parseEastMoneyIncome.py_137(INFO): running on code: SZ000061
2021-06-30 10:35:20,163 parseEastMoneyIncome.py_137(INFO): running on code: SZ000062
2021-06-30 10:35:20,575 parseEastMoneyIncome.py_137(INFO): running on code: SZ000063
2021-06-30 10:35:21,052 parseEastMoneyIncome.py_137(INFO): running on code: SZ000065
2021-06-30 10:35:21,411 parseEastMoneyIncome.py_137(INFO): running on code: SZ000066
2021-06-30 10:35:21,740 parseEastMoneyIncome.py_137(INFO): running on code: SZ000068
2021-06-30 10:35:22,007 parseEastMoneyIncome.py_137(INFO): running on code: SZ000069
2021-06-30 10:35:22,336 parseEastMoneyIncome.py_137(INFO): running on code: SZ000070
2021-06-30 10:35:22,667 parseEastMoneyIncome.py_137(INFO): running on code: SZ000078
2021-06-30 10:35:23,092 parseEastMoneyIncome.py_137(INFO): running on code: SZ000088
2021-06-30 10:35:23,835 parseEastMoneyIncome.py_137(INFO): running on code: SZ000089
2021-06-30 10:35:24,132 parseEastMoneyIncome.py_137(INFO): running on code: SZ000090
2021-06-30 10:35:24,545 parseEastMoneyIncome.py_137(INFO): running on code: SZ000096
2021-06-30 10:35:24,863 parseEastMoneyIncome.py_137(INFO): running on code: SZ000099
2021-06-30 10:35:25,208 parseEastMoneyIncome.py_137(INFO): running on code: SZ000100
2021-06-30 10:35:25,522 parseEastMoneyIncome.py_137(INFO): running on code: SZ000150
2021-06-30 10:36:08,736 parseEastMoneyIncome.py_137(INFO): running on code: SZ000002
2021-06-30 10:46:46,828 parseEastMoneyIncome.py_154(INFO): running on code: SZ000002
2021-06-30 10:46:47,103 parseEastMoneyIncome.py_154(INFO): running on code: SZ000004
2021-06-30 10:46:47,339 parseEastMoneyIncome.py_154(INFO): running on code: SZ000005
2021-06-30 10:46:47,495 parseEastMoneyIncome.py_154(INFO): running on code: SZ000006
2021-06-30 10:46:47,638 parseEastMoneyIncome.py_154(INFO): running on code: SZ000007
2021-06-30 10:46:47,796 parseEastMoneyIncome.py_154(INFO): running on code: SZ000008
2021-06-30 10:46:47,939 parseEastMoneyIncome.py_154(INFO): running on code: SZ000009
2021-06-30 10:46:48,113 parseEastMoneyIncome.py_154(INFO): running on code: SZ000010
2021-06-30 10:46:48,271 parseEastMoneyIncome.py_154(INFO): running on code: SZ000011
2021-06-30 10:46:48,445 parseEastMoneyIncome.py_154(INFO): running on code: SZ000012
2021-06-30 10:46:48,603 parseEastMoneyIncome.py_154(INFO): running on code: SZ000014
2021-06-30 10:46:48,761 parseEastMoneyIncome.py_154(INFO): running on code: SZ000016
2021-06-30 10:46:48,965 parseEastMoneyIncome.py_154(INFO): running on code: SZ000017
2021-06-30 10:46:49,122 parseEastMoneyIncome.py_154(INFO): running on code: SZ000019
2021-06-30 10:46:49,329 parseEastMoneyIncome.py_154(INFO): running on code: SZ000020
2021-06-30 10:46:49,519 parseEastMoneyIncome.py_154(INFO): running on code: SZ000021
2021-06-30 10:46:49,709 parseEastMoneyIncome.py_154(INFO): running on code: SZ000023
2021-06-30 10:46:49,851 parseEastMoneyIncome.py_154(INFO): running on code: SZ000025
2021-06-30 10:46:50,007 parseEastMoneyIncome.py_154(INFO): running on code: SZ000026
2021-06-30 10:46:50,162 parseEastMoneyIncome.py_154(INFO): running on code: SZ000027
2021-06-30 10:46:50,321 parseEastMoneyIncome.py_154(INFO): running on code: SZ000028
2021-06-30 10:46:50,491 parseEastMoneyIncome.py_154(INFO): running on code: SZ000029
2021-06-30 10:46:50,651 parseEastMoneyIncome.py_154(INFO): running on code: SZ000030
2021-06-30 10:46:50,807 parseEastMoneyIncome.py_154(INFO): running on code: SZ000031
2021-06-30 10:46:50,962 parseEastMoneyIncome.py_154(INFO): running on code: SZ000032
2021-06-30 10:46:51,134 parseEastMoneyIncome.py_154(INFO): running on code: SZ000034
2021-06-30 10:46:51,271 parseEastMoneyIncome.py_154(INFO): running on code: SZ000035
2021-06-30 10:46:51,429 parseEastMoneyIncome.py_154(INFO): running on code: SZ000036
2021-06-30 10:46:51,570 parseEastMoneyIncome.py_154(INFO): running on code: SZ000037
2021-06-30 10:46:51,727 parseEastMoneyIncome.py_154(INFO): running on code: SZ000038
2021-06-30 10:46:51,882 parseEastMoneyIncome.py_154(INFO): running on code: SZ000039
2021-06-30 10:46:52,038 parseEastMoneyIncome.py_154(INFO): running on code: SZ000040
2021-06-30 10:46:52,196 parseEastMoneyIncome.py_154(INFO): running on code: SZ000042
2021-06-30 10:46:52,371 parseEastMoneyIncome.py_154(INFO): running on code: SZ000045
2021-06-30 10:46:52,530 parseEastMoneyIncome.py_154(INFO): running on code: SZ000046
2021-06-30 10:46:52,688 parseEastMoneyIncome.py_154(INFO): running on code: SZ000048
2021-06-30 10:46:52,843 parseEastMoneyIncome.py_154(INFO): running on code: SZ000049
2021-06-30 10:46:52,997 parseEastMoneyIncome.py_154(INFO): running on code: SZ000050
2021-06-30 10:46:53,157 parseEastMoneyIncome.py_154(INFO): running on code: SZ000055
2021-06-30 10:46:53,316 parseEastMoneyIncome.py_154(INFO): running on code: SZ000056
2021-06-30 10:46:53,457 parseEastMoneyIncome.py_154(INFO): running on code: SZ000058
2021-06-30 10:46:53,632 parseEastMoneyIncome.py_154(INFO): running on code: SZ000059
2021-06-30 10:46:53,758 parseEastMoneyIncome.py_154(INFO): running on code: SZ000060
2021-06-30 10:46:53,914 parseEastMoneyIncome.py_154(INFO): running on code: SZ000061
2021-06-30 10:46:54,072 parseEastMoneyIncome.py_154(INFO): running on code: SZ000062
2021-06-30 10:46:54,231 parseEastMoneyIncome.py_154(INFO): running on code: SZ000063
2021-06-30 10:46:54,386 parseEastMoneyIncome.py_154(INFO): running on code: SZ000065
2021-06-30 10:46:54,543 parseEastMoneyIncome.py_154(INFO): running on code: SZ000066
2021-06-30 10:46:54,701 parseEastMoneyIncome.py_154(INFO): running on code: SZ000068
2021-06-30 10:46:54,826 parseEastMoneyIncome.py_154(INFO): running on code: SZ000069
2021-06-30 10:46:54,984 parseEastMoneyIncome.py_154(INFO): running on code: SZ000070
2021-06-30 10:46:55,142 parseEastMoneyIncome.py_154(INFO): running on code: SZ000078
2021-06-30 10:46:55,299 parseEastMoneyIncome.py_154(INFO): running on code: SZ000088
2021-06-30 10:46:55,470 parseEastMoneyIncome.py_154(INFO): running on code: SZ000089
2021-06-30 10:46:55,629 parseEastMoneyIncome.py_154(INFO): running on code: SZ000090
2021-06-30 10:46:55,786 parseEastMoneyIncome.py_154(INFO): running on code: SZ000096
2021-06-30 10:46:55,927 parseEastMoneyIncome.py_154(INFO): running on code: SZ000099
2021-06-30 10:46:56,068 parseEastMoneyIncome.py_154(INFO): running on code: SZ000100
2021-06-30 10:46:56,211 parseEastMoneyIncome.py_154(INFO): running on code: SZ000150
2021-06-30 10:46:56,354 parseEastMoneyIncome.py_154(INFO): running on code: SZ000151
2021-06-30 10:46:56,513 parseEastMoneyIncome.py_154(INFO): running on code: SZ000153
2021-06-30 10:46:56,672 parseEastMoneyIncome.py_154(INFO): running on code: SZ000155
2021-06-30 10:46:56,845 parseEastMoneyIncome.py_154(INFO): running on code: SZ000156
2021-06-30 10:46:57,002 parseEastMoneyIncome.py_154(INFO): running on code: SZ000157
2021-06-30 10:46:57,160 parseEastMoneyIncome.py_154(INFO): running on code: SZ000158
2021-06-30 10:46:57,286 parseEastMoneyIncome.py_154(INFO): running on code: SZ000159
2021-06-30 10:46:57,428 parseEastMoneyIncome.py_154(INFO): running on code: SZ000301
2021-06-30 10:46:57,585 parseEastMoneyIncome.py_154(INFO): running on code: SZ000333
2021-06-30 10:46:57,710 parseEastMoneyIncome.py_154(INFO): running on code: SZ000338
2021-06-30 10:46:57,852 parseEastMoneyIncome.py_154(INFO): running on code: SZ000400
2021-06-30 10:46:58,011 parseEastMoneyIncome.py_154(INFO): running on code: SZ000401
2021-06-30 10:46:58,185 parseEastMoneyIncome.py_154(INFO): running on code: SZ000402
2021-06-30 10:46:58,342 parseEastMoneyIncome.py_154(INFO): running on code: SZ000403
2021-06-30 10:46:58,486 parseEastMoneyIncome.py_154(INFO): running on code: SZ000404
2021-06-30 10:46:58,660 parseEastMoneyIncome.py_154(INFO): running on code: SZ000407
2021-06-30 10:46:58,813 parseEastMoneyIncome.py_154(INFO): running on code: SZ000408
2021-06-30 10:46:58,972 parseEastMoneyIncome.py_154(INFO): running on code: SZ000409
2021-06-30 10:46:59,130 parseEastMoneyIncome.py_154(INFO): running on code: SZ000410
2021-06-30 10:46:59,302 parseEastMoneyIncome.py_154(INFO): running on code: SZ000411
2021-06-30 10:46:59,473 parseEastMoneyIncome.py_154(INFO): running on code: SZ000413
2021-06-30 10:46:59,631 parseEastMoneyIncome.py_154(INFO): running on code: SZ000415
2021-06-30 10:47:27,776 parseEastMoneyIncome.py_154(INFO): running on code: SZ000002
2021-06-30 10:47:28,423 parseEastMoneyIncome.py_154(INFO): running on code: SZ000004
2021-06-30 10:47:29,045 parseEastMoneyIncome.py_154(INFO): running on code: SZ000005
2021-06-30 10:47:29,744 parseEastMoneyIncome.py_154(INFO): running on code: SZ000006
2021-06-30 10:47:30,398 parseEastMoneyIncome.py_154(INFO): running on code: SZ000007
2021-06-30 10:47:31,014 parseEastMoneyIncome.py_154(INFO): running on code: SZ000008
2021-06-30 10:47:31,577 parseEastMoneyIncome.py_154(INFO): running on code: SZ000009
2021-06-30 10:47:32,273 parseEastMoneyIncome.py_154(INFO): running on code: SZ000010
2021-06-30 10:47:32,912 parseEastMoneyIncome.py_154(INFO): running on code: SZ000011
2021-06-30 10:47:33,483 parseEastMoneyIncome.py_154(INFO): running on code: SZ000012
2021-06-30 10:47:34,115 parseEastMoneyIncome.py_154(INFO): running on code: SZ000014
2021-06-30 10:47:34,738 parseEastMoneyIncome.py_154(INFO): running on code: SZ000016
2021-06-30 10:47:35,372 parseEastMoneyIncome.py_154(INFO): running on code: SZ000017
2021-06-30 10:47:35,927 parseEastMoneyIncome.py_154(INFO): running on code: SZ000019
2021-06-30 10:47:36,545 parseEastMoneyIncome.py_154(INFO): running on code: SZ000020
2021-06-30 10:47:37,099 parseEastMoneyIncome.py_154(INFO): running on code: SZ000021
2021-06-30 10:47:37,716 parseEastMoneyIncome.py_154(INFO): running on code: SZ000023
2021-06-30 10:47:38,316 parseEastMoneyIncome.py_154(INFO): running on code: SZ000025
2021-06-30 10:47:38,887 parseEastMoneyIncome.py_154(INFO): running on code: SZ000026
2021-06-30 10:47:39,488 parseEastMoneyIncome.py_154(INFO): running on code: SZ000027
2021-06-30 10:47:49,820 parseEastMoneyIncome.py_154(INFO): running on code: SZ000002
2021-06-30 10:48:32,358 parseEastMoneyIncome.py_154(INFO): running on code: SZ000002
2021-06-30 10:50:48,425 parseEastMoneyIncome.py_154(INFO): running on code: SZ000002
2021-06-30 10:52:21,847 parseEastMoneyIncome.py_154(INFO): running on code: SZ000002
2021-06-30 11:50:12,186 parseEastMoneyBalance.py_155(INFO): running on code: SZ000002
2021-06-30 11:50:13,313 parseEastMoneyBalance.py_207(ERROR): (pymysql.err.ProgrammingError) (1064, "You have an error in your SQL syntax; check the manual that corresponds to your MySQL server version for the right syntax to use near 'where SECUCODE='SZ000002' and REPORT_DATE='1997-06-30'' at line 1")
[SQL: update eastmoney.balance  where SECUCODE='SZ000002' and REPORT_DATE='1997-06-30']
(Background on this error at: http://sqlalche.me/e/13/f405)
2021-06-30 11:50:13,313 parseEastMoneyBalance.py_208(ERROR): parse balance error on code: SZ000002
2021-06-30 11:51:33,483 parseEastMoneyBalance.py_155(INFO): running on code: SZ000002
2021-06-30 16:09:30,842 parseEastMoneyBalance.py_155(INFO): running on code: SZ000002
2021-06-30 16:14:08,551 parseEastMoneyCashflow.py_155(INFO): running on code: SZ000002
2021-06-30 16:50:26,390 parseEastMoneyCashflow.py_155(INFO): running on code: SZ000002
2021-06-30 16:51:56,412 parseEastMoneyCashflow.py_155(INFO): running on code: SZ000002
