2021-04-08 12:27:34,116 parseUSDivident.py_79(INFO): running on code: A
2021-04-08 12:27:34,202 parseUSDivident.py_79(INFO): running on code: AA
2021-04-08 12:27:34,309 parseUSDivident.py_79(INFO): running on code: AAALF
2021-04-08 12:27:34,320 parseUSDivident.py_79(INFO): running on code: AAALY
2021-04-08 12:27:34,327 parseUSDivident.py_79(INFO): running on code: AABB
2021-04-08 12:27:34,334 parseUSDivident.py_79(INFO): running on code: AABVF
2021-04-08 12:27:34,340 parseUSDivident.py_79(INFO): running on code: AACAF
2021-04-08 12:27:34,348 parseUSDivident.py_79(INFO): running on code: AACAY
2021-04-08 12:27:34,354 parseUSDivident.py_79(INFO): running on code: AACG
2021-04-08 12:27:34,377 parseUSDivident.py_79(INFO): running on code: AACH
2021-04-08 12:27:34,385 parseUSDivident.py_79(INFO): running on code: AACMZ
2021-04-08 12:27:34,391 parseUSDivident.py_79(INFO): running on code: AACS
2021-04-08 12:27:34,398 parseUSDivident.py_79(INFO): running on code: AACTF
2021-04-08 12:27:34,405 parseUSDivident.py_79(INFO): running on code: AAEEF
2021-04-08 12:27:34,412 parseUSDivident.py_79(INFO): running on code: AAGC
2021-04-08 12:27:34,418 parseUSDivident.py_79(INFO): running on code: AAGFF
2021-04-08 12:27:34,427 parseUSDivident.py_79(INFO): running on code: AAGH
2021-04-08 12:27:34,433 parseUSDivident.py_79(INFO): running on code: AAGIY
2021-04-08 12:27:34,439 parseUSDivident.py_79(INFO): running on code: AAGRY
2021-04-08 12:27:34,446 parseUSDivident.py_79(INFO): running on code: AAIGF
2021-04-08 12:27:34,452 parseUSDivident.py_79(INFO): running on code: AAIIQ
2021-04-08 12:27:34,458 parseUSDivident.py_79(INFO): running on code: AAIRF
2021-04-08 12:27:34,467 parseUSDivident.py_79(INFO): running on code: AAL
2021-04-08 12:27:34,516 parseUSDivident.py_79(INFO): running on code: AALBF
2021-04-08 12:27:34,522 parseUSDivident.py_79(INFO): running on code: AAMAF
2021-04-08 12:27:34,529 parseUSDivident.py_79(INFO): running on code: AAMC
2021-04-08 12:27:34,535 parseUSDivident.py_79(INFO): running on code: AAME
2021-04-08 12:27:34,595 parseUSDivident.py_79(INFO): running on code: AAMMF
2021-04-08 12:27:34,602 parseUSDivident.py_79(INFO): running on code: AAMTF
2021-04-08 12:27:34,610 parseUSDivident.py_79(INFO): running on code: AAN
2021-04-08 12:27:34,630 parseUSDivident.py_79(INFO): running on code: AANNF
2021-04-08 12:27:34,638 parseUSDivident.py_79(INFO): running on code: AAOI
2021-04-08 12:27:34,645 parseUSDivident.py_79(INFO): running on code: AAON
2021-04-08 12:27:34,708 parseUSDivident.py_79(INFO): running on code: AAP
2021-04-08 12:27:34,832 parseUSDivident.py_79(INFO): running on code: AAPJ
2021-04-08 12:27:34,840 parseUSDivident.py_79(INFO): running on code: AAPL
2021-04-08 12:27:34,961 parseUSDivident.py_79(INFO): running on code: AAPT
2021-04-08 12:27:34,968 parseUSDivident.py_79(INFO): running on code: AASL
2021-04-08 12:27:34,975 parseUSDivident.py_79(INFO): running on code: AASP
2021-04-08 12:27:34,982 parseUSDivident.py_79(INFO): running on code: AASZF
2021-04-08 12:27:34,990 parseUSDivident.py_79(INFO): running on code: AAT
